app/(tabs)/index.tsx(691,45): error TS2345: Argument of type 'string | undefined' is not assignable to parameter of type 'SetStateAction<string | null>'.
  Type 'undefined' is not assignable to type 'SetStateAction<string | null>'.
app/screens/HouseholdManagementScreen.tsx(75,42): error TS7006: Parameter 'm' implicitly has an 'any' type.
app/screens/HouseholdManagementScreen.tsx(80,53): error TS7006: Parameter 'inv' implicitly has an 'any' type.
app/screens/ProjectDetailScreen.tsx(548,29): error TS2339: Property 'progressActions' does not exist on type '{ container: { flex: number; backgroundColor: string; }; header: { flexDirection: "row"; justifyContent: "space-between"; alignItems: "center"; paddingHorizontal: number; paddingTop: number; paddingBottom: number; backgroundColor: string; borderBottomWidth: number; borderBottomColor: string; }; ... 60 more ...; inve...'.
app/screens/ProjectDetailScreen.tsx(550,28): error TS2551: Property 'aiButton' does not exist on type '{ container: { flex: number; backgroundColor: string; }; header: { flexDirection: "row"; justifyContent: "space-between"; alignItems: "center"; paddingHorizontal: number; paddingTop: number; paddingBottom: number; backgroundColor: string; borderBottomWidth: number; borderBottomColor: string; }; ... 60 more ...; inve...'. Did you mean 'addButton'?
app/screens/ProjectDetailScreen.tsx(550,58): error TS2339: Property 'buttonDisabled' does not exist on type '{ container: { flex: number; backgroundColor: string; }; header: { flexDirection: "row"; justifyContent: "space-between"; alignItems: "center"; paddingHorizontal: number; paddingTop: number; paddingBottom: number; backgroundColor: string; borderBottomWidth: number; borderBottomColor: string; }; ... 60 more ...; inve...'.
app/screens/ProjectDetailScreen.tsx(559,37): error TS2551: Property 'aiButtonText' does not exist on type '{ container: { flex: number; backgroundColor: string; }; header: { flexDirection: "row"; justifyContent: "space-between"; alignItems: "center"; paddingHorizontal: number; paddingTop: number; paddingBottom: number; backgroundColor: string; borderBottomWidth: number; borderBottomColor: string; }; ... 60 more ...; inve...'. Did you mean 'addButtonText'?
app/screens/ProjectDetailScreen.tsx(822,3): error TS2345: Argument of type '{ container: { flex: number; backgroundColor: string; }; header: { flexDirection: "row"; justifyContent: "space-between"; alignItems: "center"; paddingHorizontal: number; paddingTop: number; paddingBottom: number; backgroundColor: string; borderBottomWidth: number; borderBottomColor: string; }; ... 60 more ...; inve...' is not assignable to parameter of type '{ container: { flex: number; backgroundColor: string; }; header: { flexDirection: "row"; justifyContent: "space-between"; alignItems: "center"; paddingHorizontal: number; paddingTop: number; paddingBottom: number; backgroundColor: string; borderBottomWidth: number; borderBottomColor: string; }; ... 60 more ...; inve...'.
  Property 'progressInfo' is incompatible with index signature.
    Object literal may only specify known properties, and 'progressActions' does not exist in type 'ViewStyle | TextStyle | ImageStyle'.
app/screens/SearchItemsScreen.tsx(79,15): error TS2339: Property 'brand' does not exist on type 'LocalItem'.
app/screens/SearchItemsScreen.tsx(79,29): error TS2339: Property 'brand' does not exist on type 'LocalItem'.
app/screens/SettingsScreen.tsx(156,26): error TS2339: Property 'message' does not exist on type '{}'.
app/screens/SettingsScreen.tsx(182,26): error TS2339: Property 'message' does not exist on type '{}'.
app/screens/SettingsScreen.tsx(329,45): error TS2551: Property 'deleteAllItems' does not exist on type 'DatabaseService'. Did you mean 'deleteItem'?
app/sign-in.tsx(86,18): error TS2769: No overload matches this call.
  Overload 1 of 2, '(props: ImageProps): Image', gave the following error.
    Type 'string' is not assignable to type 'ImageSourcePropType | undefined'.
  Overload 2 of 2, '(props: ImageProps, context: any): Image', gave the following error.
    Type 'string' is not assignable to type 'ImageSourcePropType | undefined'.
backend/container/api.ts(2,29): error TS2307: Cannot find module '~encore/auth' or its corresponding type declarations.
backend/container/upload_photo.ts(2,29): error TS2307: Cannot find module '~encore/auth' or its corresponding type declarations.
backend/household/accept_by_code.ts(2,29): error TS2307: Cannot find module '~encore/auth' or its corresponding type declarations.
backend/household/accept_invitation.ts(2,29): error TS2307: Cannot find module '~encore/auth' or its corresponding type declarations.
backend/household/cancel_invitation.ts(2,29): error TS2307: Cannot find module '~encore/auth' or its corresponding type declarations.
backend/household/create.test.ts(17,29): error TS2307: Cannot find module '~encore/auth' or its corresponding type declarations.
backend/household/create.ts(2,29): error TS2307: Cannot find module '~encore/auth' or its corresponding type declarations.
backend/household/get.test.ts(16,29): error TS2307: Cannot find module '~encore/auth' or its corresponding type declarations.
backend/household/get.ts(2,29): error TS2307: Cannot find module '~encore/auth' or its corresponding type declarations.
backend/household/get_invitations.test.ts(17,29): error TS2307: Cannot find module '~encore/auth' or its corresponding type declarations.
backend/household/get_invitations.ts(2,29): error TS2307: Cannot find module '~encore/auth' or its corresponding type declarations.
backend/household/get_members.ts(2,29): error TS2307: Cannot find module '~encore/auth' or its corresponding type declarations.
backend/household/get_pending_invitations.ts(2,29): error TS2307: Cannot find module '~encore/auth' or its corresponding type declarations.
backend/household/invite.test.ts(15,29): error TS2307: Cannot find module '~encore/auth' or its corresponding type declarations.
backend/household/invite.ts(3,29): error TS2307: Cannot find module '~encore/auth' or its corresponding type declarations.
backend/household/leave.ts(2,29): error TS2307: Cannot find module '~encore/auth' or its corresponding type declarations.
backend/household/remove_member.ts(2,29): error TS2307: Cannot find module '~encore/auth' or its corresponding type declarations.
backend/household/rename.ts(2,29): error TS2307: Cannot find module '~encore/auth' or its corresponding type declarations.
backend/household/resend_invitation.ts(2,29): error TS2307: Cannot find module '~encore/auth' or its corresponding type declarations.
backend/item/add_receipt.ts(2,29): error TS2307: Cannot find module '~encore/auth' or its corresponding type declarations.
backend/item/analyze_bookshelf.ts(4,29): error TS2307: Cannot find module '~encore/auth' or its corresponding type declarations.
backend/item/analyze_shelf.ts(4,29): error TS2307: Cannot find module '~encore/auth' or its corresponding type declarations.
backend/item/analyze_shelf_ocr.ts(39,41): error TS2551: Property 'barcodeAnnotations' does not exist on type 'IAnnotateImageResponse'. Did you mean 'faceAnnotations'?
backend/item/analyze_shelf_ocr.ts(51,36): error TS7006: Parameter 'barcode' implicitly has an 'any' type.
backend/item/analyze_shelf_ocr.ts(93,54): error TS7006: Parameter 'b' implicitly has an 'any' type.
backend/item/batch_create.ts(2,29): error TS2307: Cannot find module '~encore/auth' or its corresponding type declarations.
backend/item/batch_list_by_containers.ts(2,29): error TS2307: Cannot find module '~encore/auth' or its corresponding type declarations.
backend/item/batch_list_by_locations.ts(2,29): error TS2307: Cannot find module '~encore/auth' or its corresponding type declarations.
backend/item/bulk_add_tags.test.ts(15,29): error TS2307: Cannot find module '~encore/auth' or its corresponding type declarations.
backend/item/bulk_add_tags.ts(2,29): error TS2307: Cannot find module '~encore/auth' or its corresponding type declarations.
backend/item/bulk_confirm_location.ts(2,29): error TS2307: Cannot find module '~encore/auth' or its corresponding type declarations.
backend/item/bulk_delete.test.ts(16,29): error TS2307: Cannot find module '~encore/auth' or its corresponding type declarations.
backend/item/bulk_delete.ts(2,29): error TS2307: Cannot find module '~encore/auth' or its corresponding type declarations.
backend/item/bulk_update_location.test.ts(15,29): error TS2307: Cannot find module '~encore/auth' or its corresponding type declarations.
backend/item/bulk_update_location.ts(2,29): error TS2307: Cannot find module '~encore/auth' or its corresponding type declarations.
backend/item/confirm_location.ts(2,29): error TS2307: Cannot find module '~encore/auth' or its corresponding type declarations.
backend/item/create.test.ts(20,29): error TS2307: Cannot find module '~encore/auth' or its corresponding type declarations.
backend/item/create.ts(2,29): error TS2307: Cannot find module '~encore/auth' or its corresponding type declarations.
backend/item/delete.test.ts(16,29): error TS2307: Cannot find module '~encore/auth' or its corresponding type declarations.
backend/item/delete.ts(2,29): error TS2307: Cannot find module '~encore/auth' or its corresponding type declarations.
backend/item/delete_receipt.ts(2,29): error TS2307: Cannot find module '~encore/auth' or its corresponding type declarations.
backend/item/detect_barcode.ts(33,9): error TS2322: Type 'number' is not assignable to type 'Timeout'.
backend/item/expiring.test.ts(17,29): error TS2307: Cannot find module '~encore/auth' or its corresponding type declarations.
backend/item/expiring.ts(3,29): error TS2307: Cannot find module '~encore/auth' or its corresponding type declarations.
backend/item/favorites.ts(3,29): error TS2307: Cannot find module '~encore/auth' or its corresponding type declarations.
backend/item/get.test.ts(16,29): error TS2307: Cannot find module '~encore/auth' or its corresponding type declarations.
backend/item/get.ts(2,29): error TS2307: Cannot find module '~encore/auth' or its corresponding type declarations.
backend/item/get_consumption_history.test.ts(17,29): error TS2307: Cannot find module '~encore/auth' or its corresponding type declarations.
backend/item/get_consumption_history.ts(3,29): error TS2307: Cannot find module '~encore/auth' or its corresponding type declarations.
backend/item/list_by_container.ts(2,29): error TS2307: Cannot find module '~encore/auth' or its corresponding type declarations.
backend/item/list_by_location.ts(2,29): error TS2307: Cannot find module '~encore/auth' or its corresponding type declarations.
backend/item/list_by_placed_status.ts(3,29): error TS2307: Cannot find module '~encore/auth' or its corresponding type declarations.
backend/item/list_receipts.ts(2,29): error TS2307: Cannot find module '~encore/auth' or its corresponding type declarations.
backend/item/low_stock.ts(3,29): error TS2307: Cannot find module '~encore/auth' or its corresponding type declarations.
backend/item/needs_confirmation.ts(3,29): error TS2307: Cannot find module '~encore/auth' or its corresponding type declarations.
backend/item/recent.test.ts(17,29): error TS2307: Cannot find module '~encore/auth' or its corresponding type declarations.
backend/item/recent.ts(3,29): error TS2307: Cannot find module '~encore/auth' or its corresponding type declarations.
backend/item/record_consumption.test.ts(16,29): error TS2307: Cannot find module '~encore/auth' or its corresponding type declarations.
backend/item/record_consumption.ts(2,29): error TS2307: Cannot find module '~encore/auth' or its corresponding type declarations.
backend/item/search.test.ts(14,29): error TS2307: Cannot find module '~encore/auth' or its corresponding type declarations.
backend/item/search.ts(3,29): error TS2307: Cannot find module '~encore/auth' or its corresponding type declarations.
backend/item/stats.ts(2,29): error TS2307: Cannot find module '~encore/auth' or its corresponding type declarations.
backend/item/toggle_favorite.ts(2,29): error TS2307: Cannot find module '~encore/auth' or its corresponding type declarations.
backend/item/update.test.ts(16,29): error TS2307: Cannot find module '~encore/auth' or its corresponding type declarations.
backend/item/update.ts(2,29): error TS2307: Cannot find module '~encore/auth' or its corresponding type declarations.
backend/item/update_quantity.ts(2,29): error TS2307: Cannot find module '~encore/auth' or its corresponding type declarations.
backend/item/upload_photo.ts(2,29): error TS2307: Cannot find module '~encore/auth' or its corresponding type declarations.
backend/item/upload_receipt.ts(3,29): error TS2307: Cannot find module '~encore/auth' or its corresponding type declarations.
backend/location/create.test.ts(20,29): error TS2307: Cannot find module '~encore/auth' or its corresponding type declarations.
backend/location/create.ts(2,29): error TS2307: Cannot find module '~encore/auth' or its corresponding type declarations.
backend/location/delete.test.ts(16,29): error TS2307: Cannot find module '~encore/auth' or its corresponding type declarations.
backend/location/delete.ts(2,29): error TS2307: Cannot find module '~encore/auth' or its corresponding type declarations.
backend/location/list.test.ts(17,29): error TS2307: Cannot find module '~encore/auth' or its corresponding type declarations.
backend/location/list.ts(2,29): error TS2307: Cannot find module '~encore/auth' or its corresponding type declarations.
backend/location/update.test.ts(16,29): error TS2307: Cannot find module '~encore/auth' or its corresponding type declarations.
backend/location/update.ts(2,29): error TS2307: Cannot find module '~encore/auth' or its corresponding type declarations.
backend/shopping/add.ts(2,29): error TS2307: Cannot find module '~encore/auth' or its corresponding type declarations.
backend/shopping/delete.ts(2,29): error TS2307: Cannot find module '~encore/auth' or its corresponding type declarations.
backend/shopping/list.test.ts(29,42): error TS2307: Cannot find module '~encore/auth' or its corresponding type declarations.
backend/shopping/list.test.ts(69,42): error TS2307: Cannot find module '~encore/auth' or its corresponding type declarations.
backend/shopping/list.test.ts(96,42): error TS2307: Cannot find module '~encore/auth' or its corresponding type declarations.
backend/shopping/list.ts(2,29): error TS2307: Cannot find module '~encore/auth' or its corresponding type declarations.
backend/shopping/low_stock_items.ts(2,29): error TS2307: Cannot find module '~encore/auth' or its corresponding type declarations.
backend/shopping/update.ts(2,29): error TS2307: Cannot find module '~encore/auth' or its corresponding type declarations.
components/MobileShelfAnalyzer.tsx(186,29): error TS2339: Property 'getBaseURL' does not exist on type 'typeof import("C:/Users/lshan/WhereIsItMobile/services/api")'.
components/MobileShelfAnalyzer.tsx(204,9): error TS2769: No overload matches this call.
  Overload 1 of 3, '(input: RequestInfo, init?: RequestInit | undefined): Promise<Response>', gave the following error.
    Type '{ Authorization: string; 'Content-Type': string; } | { Authorization?: undefined; 'Content-Type': string; }' is not assignable to type 'HeadersInit | undefined'.
      Type '{ Authorization?: undefined; 'Content-Type': string; }' is not assignable to type 'HeadersInit | undefined'.
        Type '{ Authorization?: undefined; 'Content-Type': string; }' is not assignable to type 'undefined'.
  Overload 2 of 3, '(input: string | Request | URL, init?: RequestInit | undefined): Promise<Response>', gave the following error.
    Type '{ Authorization: string; 'Content-Type': string; } | { Authorization?: undefined; 'Content-Type': string; }' is not assignable to type 'HeadersInit | undefined'.
      Type '{ Authorization?: undefined; 'Content-Type': string; }' is not assignable to type 'HeadersInit | undefined'.
        Type '{ Authorization?: undefined; 'Content-Type': string; }' is not assignable to type 'undefined'.
  Overload 3 of 3, '(input: URL | RequestInfo, init?: RequestInit | undefined): Promise<Response>', gave the following error.
    Type '{ Authorization: string; 'Content-Type': string; } | { Authorization?: undefined; 'Content-Type': string; }' is not assignable to type 'HeadersInit | undefined'.
      Type '{ Authorization?: undefined; 'Content-Type': string; }' is not assignable to type 'HeadersInit | undefined'.
        Type '{ Authorization?: undefined; 'Content-Type': string; }' is not assignable to type 'undefined'.
components/MobileShelfAnalyzer.tsx(416,13): error TS2769: No overload matches this call.
  Overload 1 of 3, '(input: RequestInfo, init?: RequestInit | undefined): Promise<Response>', gave the following error.
    Type '{ authorization: string; } | { authorization?: undefined; }' is not assignable to type 'HeadersInit | undefined'.
      Type '{ authorization?: undefined; }' is not assignable to type 'HeadersInit | undefined'.
        Type '{ authorization?: undefined; }' is not assignable to type 'undefined'.
  Overload 2 of 3, '(input: string | Request | URL, init?: RequestInit | undefined): Promise<Response>', gave the following error.
    Type '{ authorization: string; } | { authorization?: undefined; }' is not assignable to type 'HeadersInit | undefined'.
      Type '{ authorization?: undefined; }' is not assignable to type 'HeadersInit | undefined'.
        Type '{ authorization?: undefined; }' is not assignable to type 'undefined'.
  Overload 3 of 3, '(input: URL | RequestInfo, init?: RequestInit | undefined): Promise<Response>', gave the following error.
    Type '{ authorization: string; } | { authorization?: undefined; }' is not assignable to type 'HeadersInit | undefined'.
      Type '{ authorization?: undefined; }' is not assignable to type 'HeadersInit | undefined'.
        Type '{ authorization?: undefined; }' is not assignable to type 'undefined'.
components/MobileShelfAnalyzer.tsx(1289,15): error TS2769: No overload matches this call.
  Overload 1 of 3, '(input: RequestInfo, init?: RequestInit | undefined): Promise<Response>', gave the following error.
    Type '{ authorization: string; } | { authorization?: undefined; }' is not assignable to type 'HeadersInit | undefined'.
      Type '{ authorization?: undefined; }' is not assignable to type 'HeadersInit | undefined'.
        Type '{ authorization?: undefined; }' is not assignable to type 'undefined'.
  Overload 2 of 3, '(input: string | Request | URL, init?: RequestInit | undefined): Promise<Response>', gave the following error.
    Type '{ authorization: string; } | { authorization?: undefined; }' is not assignable to type 'HeadersInit | undefined'.
      Type '{ authorization?: undefined; }' is not assignable to type 'HeadersInit | undefined'.
        Type '{ authorization?: undefined; }' is not assignable to type 'undefined'.
  Overload 3 of 3, '(input: URL | RequestInfo, init?: RequestInit | undefined): Promise<Response>', gave the following error.
    Type '{ authorization: string; } | { authorization?: undefined; }' is not assignable to type 'HeadersInit | undefined'.
      Type '{ authorization?: undefined; }' is not assignable to type 'HeadersInit | undefined'.
        Type '{ authorization?: undefined; }' is not assignable to type 'undefined'.
components/MobileShelfAnalyzer.tsx(2797,3): error TS1117: An object literal cannot have multiple properties with the same name.
components/MobileShelfAnalyzer.tsx(2801,3): error TS1117: An object literal cannot have multiple properties with the same name.
components/MobileShelfAnalyzer.tsx(2807,3): error TS1117: An object literal cannot have multiple properties with the same name.
components/MobileShelfAnalyzer.tsx(2811,3): error TS1117: An object literal cannot have multiple properties with the same name.
components/MobileShelfAnalyzer.tsx(2814,3): error TS1117: An object literal cannot have multiple properties with the same name.
components/MobileShelfAnalyzer.tsx(2817,3): error TS1117: An object literal cannot have multiple properties with the same name.
components/MobileShelfAnalyzer.tsx(2821,3): error TS1117: An object literal cannot have multiple properties with the same name.
components/MobileShelfAnalyzer.tsx(2824,3): error TS1117: An object literal cannot have multiple properties with the same name.
components/MobileShelfAnalyzer.tsx(2834,3): error TS1117: An object literal cannot have multiple properties with the same name.
components/MobileShelfAnalyzer.tsx(2872,3): error TS1117: An object literal cannot have multiple properties with the same name.
components/ui/icon-symbol.ios.tsx(1,59): error TS2307: Cannot find module 'expo-symbols' or its corresponding type declarations.
components/ui/icon-symbol.tsx(4,47): error TS2307: Cannot find module 'expo-symbols' or its corresponding type declarations.
frontend/App.tsx(1,24): error TS2307: Cannot find module '@/components/ui/button' or its corresponding type declarations.
frontend/App.tsx(2,25): error TS2307: Cannot find module '@/components/ui/toaster' or its corresponding type declarations.
frontend/App.tsx(3,23): error TS2307: Cannot find module '@/lib/theme' or its corresponding type declarations.
frontend/App.tsx(6,27): error TS2307: Cannot find module '~backend/item/create' or its corresponding type declarations.
frontend/App.tsx(102,34): error TS7006: Parameter 'e' implicitly has an 'any' type.
frontend/App.tsx(103,34): error TS7006: Parameter 'e' implicitly has an 'any' type.
frontend/client.ts(82,40): error TS2307: Cannot find module '~backend/auth/auth' or its corresponding type declarations.
frontend/client.ts(118,8): error TS2307: Cannot find module '~backend/container/api' or its corresponding type declarations.
frontend/client.ts(119,71): error TS2307: Cannot find module '~backend/container/upload_photo' or its corresponding type declarations.
frontend/client.ts(182,52): error TS2307: Cannot find module '~backend/folder/create' or its corresponding type declarations.
frontend/client.ts(205,95): error TS2307: Cannot find module '~backend/household/accept_by_code' or its corresponding type declarations.
frontend/client.ts(206,86): error TS2307: Cannot find module '~backend/household/accept_invitation' or its corresponding type declarations.
frontend/client.ts(207,86): error TS2307: Cannot find module '~backend/household/cancel_invitation' or its corresponding type declarations.
frontend/client.ts(208,55): error TS2307: Cannot find module '~backend/household/create' or its corresponding type declarations.
frontend/client.ts(209,46): error TS2307: Cannot find module '~backend/household/get' or its corresponding type declarations.
frontend/client.ts(210,88): error TS2307: Cannot find module '~backend/household/get_household_by_id' or its corresponding type declarations.
frontend/client.ts(211,80): error TS2307: Cannot find module '~backend/household/get_invitations' or its corresponding type declarations.
frontend/client.ts(212,68): error TS2307: Cannot find module '~backend/household/get_members' or its corresponding type declarations.
frontend/client.ts(213,102): error TS2307: Cannot find module '~backend/household/get_pending_invitations' or its corresponding type declarations.
frontend/client.ts(214,55): error TS2307: Cannot find module '~backend/household/invite' or its corresponding type declarations.
frontend/client.ts(215,74): error TS2307: Cannot find module '~backend/household/remove_member' or its corresponding type declarations.
frontend/client.ts(216,55): error TS2307: Cannot find module '~backend/household/rename' or its corresponding type declarations.
frontend/client.ts(217,86): error TS2307: Cannot find module '~backend/household/resend_invitation' or its corresponding type declarations.
frontend/client.ts(326,8): error TS2307: Cannot find module '~backend/image/image' or its corresponding type declarations.
frontend/client.ts(356,63): error TS2307: Cannot find module '~backend/item/add_receipt' or its corresponding type declarations.
frontend/client.ts(357,81): error TS2307: Cannot find module '~backend/item/analyze_bookshelf' or its corresponding type declarations.
frontend/client.ts(358,69): error TS2307: Cannot find module '~backend/item/analyze_shelf' or its corresponding type declarations.
frontend/client.ts(359,79): error TS2307: Cannot find module '~backend/item/analyze_shelf_ocr' or its corresponding type declarations.
frontend/client.ts(360,65): error TS2307: Cannot find module '~backend/item/barcode' or its corresponding type declarations.
frontend/client.ts(361,66): error TS2307: Cannot find module '~backend/item/batch_create' or its corresponding type declarations.
frontend/client.ts(362,98): error TS2307: Cannot find module '~backend/item/batch_list_by_containers' or its corresponding type declarations.
frontend/client.ts(363,95): error TS2307: Cannot find module '~backend/item/batch_list_by_locations' or its corresponding type declarations.
frontend/client.ts(364,67): error TS2307: Cannot find module '~backend/item/bulk_add_tags' or its corresponding type declarations.
frontend/client.ts(365,91): error TS2307: Cannot find module '~backend/item/bulk_confirm_location' or its corresponding type declarations.
frontend/client.ts(366,63): error TS2307: Cannot find module '~backend/item/bulk_delete' or its corresponding type declarations.
frontend/client.ts(367,88): error TS2307: Cannot find module '~backend/item/bulk_update_location' or its corresponding type declarations.
frontend/client.ts(368,78): error TS2307: Cannot find module '~backend/item/confirm_location' or its corresponding type declarations.
frontend/client.ts(369,50): error TS2307: Cannot find module '~backend/item/create' or its corresponding type declarations.
frontend/client.ts(370,72): error TS2307: Cannot find module '~backend/item/delete_receipt' or its corresponding type declarations.
frontend/client.ts(371,72): error TS2307: Cannot find module '~backend/item/detect_barcode' or its corresponding type declarations.
frontend/client.ts(372,56): error TS2307: Cannot find module '~backend/item/expiring' or its corresponding type declarations.
frontend/client.ts(373,88): error TS2307: Cannot find module '~backend/item/extract_receipt_data' or its corresponding type declarations.
frontend/client.ts(374,59): error TS2307: Cannot find module '~backend/item/favorites' or its corresponding type declarations.
frontend/client.ts(375,41): error TS2307: Cannot find module '~backend/item/get' or its corresponding type declarations.
frontend/client.ts(376,97): error TS2307: Cannot find module '~backend/item/get_consumption_history' or its corresponding type declarations.
frontend/client.ts(377,79): error TS2307: Cannot find module '~backend/item/list_by_container' or its corresponding type declarations.
frontend/client.ts(378,76): error TS2307: Cannot find module '~backend/item/list_by_location' or its corresponding type declarations.
frontend/client.ts(379,89): error TS2307: Cannot find module '~backend/item/list_by_placed_status' or its corresponding type declarations.
frontend/client.ts(380,69): error TS2307: Cannot find module '~backend/item/list_receipts' or its corresponding type declarations.
frontend/client.ts(381,57): error TS2307: Cannot find module '~backend/item/low_stock' or its corresponding type declarations.
frontend/client.ts(382,84): error TS2307: Cannot find module '~backend/item/needs_confirmation' or its corresponding type declarations.
frontend/client.ts(383,50): error TS2307: Cannot find module '~backend/item/recent' or its corresponding type declarations.
frontend/client.ts(384,84): error TS2307: Cannot find module '~backend/item/record_consumption' or its corresponding type declarations.
frontend/client.ts(385,50): error TS2307: Cannot find module '~backend/item/search' or its corresponding type declarations.
frontend/client.ts(386,89): error TS2307: Cannot find module '~backend/item/stats' or its corresponding type declarations.
frontend/client.ts(387,75): error TS2307: Cannot find module '~backend/item/toggle_favorite' or its corresponding type declarations.
frontend/client.ts(388,50): error TS2307: Cannot find module '~backend/item/update' or its corresponding type declarations.
frontend/client.ts(389,75): error TS2307: Cannot find module '~backend/item/update_quantity' or its corresponding type declarations.
frontend/client.ts(390,66): error TS2307: Cannot find module '~backend/item/upload_photo' or its corresponding type declarations.
frontend/client.ts(391,72): error TS2307: Cannot find module '~backend/item/upload_receipt' or its corresponding type declarations.
frontend/client.ts(761,54): error TS2307: Cannot find module '~backend/location/create' or its corresponding type declarations.
frontend/client.ts(762,48): error TS2307: Cannot find module '~backend/location/list' or its corresponding type declarations.
frontend/client.ts(763,54): error TS2307: Cannot find module '~backend/location/update' or its corresponding type declarations.
frontend/client.ts(822,45): error TS2307: Cannot find module '~backend/shopping/add' or its corresponding type declarations.
frontend/client.ts(823,48): error TS2307: Cannot find module '~backend/shopping/list' or its corresponding type declarations.
frontend/client.ts(824,77): error TS2307: Cannot find module '~backend/shopping/low_stock_items' or its corresponding type declarations.
frontend/client.ts(825,54): error TS2307: Cannot find module '~backend/shopping/update' or its corresponding type declarations.
frontend/client.ts(955,8): error TS2550: Property 'replaceAll' does not exist on type 'string'. Do you need to change your target library? Try changing the 'lib' compiler option to 'es2021' or later.
frontend/client.ts(1612,41): error TS2345: Argument of type 'string | false' is not assignable to parameter of type 'string'.
  Type 'boolean' is not assignable to type 'string'.
frontend/components/AddFromLowStockDialog.tsx(2,35): error TS2307: Cannot find module '~backend/shopping/low_stock_items' or its corresponding type declarations.
frontend/components/AddFromLowStockDialog.tsx(10,8): error TS2307: Cannot find module '@/components/ui/dialog' or its corresponding type declarations.
frontend/components/AddFromLowStockDialog.tsx(11,24): error TS2307: Cannot find module '@/components/ui/button' or its corresponding type declarations.
frontend/components/AddFromLowStockDialog.tsx(12,26): error TS2307: Cannot find module '@/components/ui/checkbox' or its corresponding type declarations.
frontend/components/AddFromLowStockDialog.tsx(13,26): error TS2307: Cannot find module '@/components/ui/use-toast' or its corresponding type declarations.
frontend/components/AddFromLowStockDialog.tsx(15,28): error TS2307: Cannot find module '@/lib/backend' or its corresponding type declarations.
frontend/components/AddItemButton.tsx(2,24): error TS2307: Cannot find module '@/components/ui/button' or its corresponding type declarations.
frontend/components/AddItemButton.tsx(5,23): error TS2307: Cannot find module '@/lib/theme' or its corresponding type declarations.
frontend/components/AddItemButton.tsx(22,24): error TS7006: Parameter 'e' implicitly has an 'any' type.
frontend/components/AddItemButton.tsx(23,24): error TS7006: Parameter 'e' implicitly has an 'any' type.
frontend/components/AddItemDialog.tsx(1,24): error TS2307: Cannot find module '@/components/ui/button' or its corresponding type declarations.
frontend/components/AddItemDialog.tsx(7,8): error TS2307: Cannot find module '@/components/ui/dialog' or its corresponding type declarations.
frontend/components/AddItemDialog.tsx(8,23): error TS2307: Cannot find module '@/components/ui/input' or its corresponding type declarations.
frontend/components/AddItemDialog.tsx(9,23): error TS2307: Cannot find module '@/components/ui/label' or its corresponding type declarations.
frontend/components/AddItemDialog.tsx(16,8): error TS2307: Cannot find module '@/components/ui/select' or its corresponding type declarations.
frontend/components/AddItemDialog.tsx(17,26): error TS2307: Cannot find module '@/components/ui/textarea' or its corresponding type declarations.
frontend/components/AddItemDialog.tsx(18,26): error TS2307: Cannot find module '@/components/ui/use-toast' or its corresponding type declarations.
frontend/components/AddItemDialog.tsx(19,28): error TS2307: Cannot find module '@/lib/backend' or its corresponding type declarations.
frontend/components/AddItemDialog.tsx(20,31): error TS2307: Cannot find module '@/lib/imageCompression' or its corresponding type declarations.
frontend/components/AddItemDialog.tsx(23,31): error TS2307: Cannot find module '~backend/location/create' or its corresponding type declarations.
frontend/components/AddToInventoryDialog.tsx(2,39): error TS2307: Cannot find module '~backend/shopping/list' or its corresponding type declarations.
frontend/components/AddToInventoryDialog.tsx(10,8): error TS2307: Cannot find module '@/components/ui/dialog' or its corresponding type declarations.
frontend/components/AddToInventoryDialog.tsx(11,24): error TS2307: Cannot find module '@/components/ui/button' or its corresponding type declarations.
frontend/components/AddToInventoryDialog.tsx(12,23): error TS2307: Cannot find module '@/components/ui/input' or its corresponding type declarations.
frontend/components/AddToInventoryDialog.tsx(13,23): error TS2307: Cannot find module '@/components/ui/label' or its corresponding type declarations.
frontend/components/AddToInventoryDialog.tsx(14,26): error TS2307: Cannot find module '@/components/ui/use-toast' or its corresponding type declarations.
frontend/components/AddToInventoryDialog.tsx(16,28): error TS2307: Cannot find module '@/lib/backend' or its corresponding type declarations.
frontend/components/AddToInventoryDialog.tsx(158,26): error TS7006: Parameter 'e' implicitly has an 'any' type.
frontend/components/BookshelfAnalyzer.tsx(1,26): error TS2307: Cannot find module '@/components/ui/use-toast' or its corresponding type declarations.
frontend/components/BookshelfAnalyzer.tsx(2,28): error TS2307: Cannot find module '@/lib/backend' or its corresponding type declarations.
frontend/components/Breadcrumbs.tsx(1,23): error TS2307: Cannot find module '@/lib/theme' or its corresponding type declarations.
frontend/components/ConsumptionHistory.tsx(3,29): error TS2307: Cannot find module '~backend/client' or its corresponding type declarations.
frontend/components/ConsumptionHistory.tsx(4,39): error TS2307: Cannot find module '~backend/item/get_consumption_history' or its corresponding type declarations.
frontend/components/ConsumptionHistory.tsx(6,53): error TS2307: Cannot find module '@/components/ui/alert' or its corresponding type declarations.
frontend/components/ConsumptionHistory.tsx(53,33): error TS7006: Parameter 'entry' implicitly has an 'any' type.
frontend/components/ConsumptionHistory.tsx(65,56): error TS7006: Parameter 'sum' implicitly has an 'any' type.
frontend/components/ConsumptionHistory.tsx(65,61): error TS7006: Parameter 'entry' implicitly has an 'any' type.
frontend/components/ContainerList.tsx(2,32): error TS2307: Cannot find module '~backend/container/api' or its corresponding type declarations.
frontend/components/ContainerList.tsx(3,27): error TS2307: Cannot find module '~backend/item/create' or its corresponding type declarations.
frontend/components/ContainerList.tsx(10,8): error TS2307: Cannot find module '@/components/ui/accordion' or its corresponding type declarations.
frontend/components/ContainerList.tsx(12,28): error TS2307: Cannot find module '@/lib/backend' or its corresponding type declarations.
frontend/components/ContainerList.tsx(14,26): error TS2307: Cannot find module '@/components/ui/skeleton' or its corresponding type declarations.
frontend/components/ContainerSelect.tsx(2,23): error TS2307: Cannot find module '@/components/ui/label' or its corresponding type declarations.
frontend/components/ContainerSelect.tsx(9,8): error TS2307: Cannot find module '@/components/ui/select' or its corresponding type declarations.
frontend/components/ContainerSelect.tsx(10,28): error TS2307: Cannot find module '@/lib/backend' or its corresponding type declarations.
frontend/components/ContainerSelect.tsx(11,32): error TS2307: Cannot find module '~backend/container/api' or its corresponding type declarations.
frontend/components/ContainerSkeleton.tsx(1,26): error TS2307: Cannot find module '@/components/ui/skeleton' or its corresponding type declarations.
frontend/components/DashboardStats.tsx(1,64): error TS2307: Cannot find module '@/components/ui/card' or its corresponding type declarations.
frontend/components/DashboardStats.tsx(2,26): error TS2307: Cannot find module '@/components/ui/skeleton' or its corresponding type declarations.
frontend/components/DashboardStats.tsx(3,28): error TS2307: Cannot find module '@/lib/backend' or its corresponding type declarations.
frontend/components/DashboardStats.tsx(4,23): error TS2307: Cannot find module '@/lib/theme' or its corresponding type declarations.
frontend/components/EditItemDialog.tsx(10,8): error TS2307: Cannot find module '@/components/ui/alert-dialog' or its corresponding type declarations.
frontend/components/EditItemDialog.tsx(11,24): error TS2307: Cannot find module '@/components/ui/button' or its corresponding type declarations.
frontend/components/EditItemDialog.tsx(12,80): error TS2307: Cannot find module '@/components/ui/dialog' or its corresponding type declarations.
frontend/components/EditItemDialog.tsx(13,23): error TS2307: Cannot find module '@/components/ui/input' or its corresponding type declarations.
frontend/components/EditItemDialog.tsx(14,23): error TS2307: Cannot find module '@/components/ui/label' or its corresponding type declarations.
frontend/components/EditItemDialog.tsx(15,79): error TS2307: Cannot find module '@/components/ui/select' or its corresponding type declarations.
frontend/components/EditItemDialog.tsx(16,26): error TS2307: Cannot find module '@/components/ui/textarea' or its corresponding type declarations.
frontend/components/EditItemDialog.tsx(17,26): error TS2307: Cannot find module '@/components/ui/use-toast' or its corresponding type declarations.
frontend/components/EditItemDialog.tsx(18,28): error TS2307: Cannot find module '@/lib/backend' or its corresponding type declarations.
frontend/components/EditItemDialog.tsx(21,32): error TS2307: Cannot find module '~backend/container/api' or its corresponding type declarations.
frontend/components/EditItemDialog.tsx(22,27): error TS2307: Cannot find module '~backend/item/create' or its corresponding type declarations.
frontend/components/EditItemDialog.tsx(23,31): error TS2307: Cannot find module '~backend/location/create' or its corresponding type declarations.
frontend/components/EditItemDialog.tsx(209,26): error TS7006: Parameter 'e' implicitly has an 'any' type.
frontend/components/EditItemDialog.tsx(219,26): error TS7006: Parameter 'e' implicitly has an 'any' type.
frontend/components/EditItemDialog.tsx(232,26): error TS7006: Parameter 'e' implicitly has an 'any' type.
frontend/components/EditItemDialog.tsx(241,26): error TS7006: Parameter 'e' implicitly has an 'any' type.
frontend/components/EditItemDialog.tsx(252,26): error TS7006: Parameter 'e' implicitly has an 'any' type.
frontend/components/EditItemDialog.tsx(261,31): error TS7006: Parameter 'value' implicitly has an 'any' type.
frontend/components/EditItemDialog.tsx(301,30): error TS7006: Parameter 'e' implicitly has an 'any' type.
frontend/components/EditItemDialog.tsx(303,31): error TS7006: Parameter 'e' implicitly has an 'any' type.
frontend/components/EmojiPicker.tsx(1,24): error TS2307: Cannot find module '@/components/ui/button' or its corresponding type declarations.
frontend/components/EmojiPicker.tsx(8,8): error TS2307: Cannot find module '@/components/ui/dialog' or its corresponding type declarations.
frontend/components/EmptyState.tsx(1,24): error TS2307: Cannot find module '@/components/ui/button' or its corresponding type declarations.
frontend/components/ExpiringItems.tsx(4,26): error TS2307: Cannot find module '@/components/ui/use-toast' or its corresponding type declarations.
frontend/components/ExpiringItems.tsx(5,28): error TS2307: Cannot find module '@/lib/backend' or its corresponding type declarations.
frontend/components/ExpiringItems.tsx(6,35): error TS2307: Cannot find module '@/lib/useInfiniteScroll' or its corresponding type declarations.
frontend/components/ExpiringItems.tsx(7,27): error TS2307: Cannot find module '~backend/item/create' or its corresponding type declarations.
frontend/components/ExpiringItems.tsx(11,24): error TS2307: Cannot find module '@/components/ui/button' or its corresponding type declarations.
frontend/components/ExpiringItems.tsx(21,8): error TS2307: Cannot find module '@/components/ui/alert-dialog' or its corresponding type declarations.
frontend/components/ExpiringItems.tsx(27,8): error TS2307: Cannot find module '@/components/ui/accordion' or its corresponding type declarations.
frontend/components/ExpiringItems.tsx(326,57): error TS7006: Parameter 'open' implicitly has an 'any' type.
frontend/components/FavoriteItems.tsx(4,26): error TS2307: Cannot find module '@/components/ui/use-toast' or its corresponding type declarations.
frontend/components/FavoriteItems.tsx(5,28): error TS2307: Cannot find module '@/lib/backend' or its corresponding type declarations.
frontend/components/FavoriteItems.tsx(6,35): error TS2307: Cannot find module '@/lib/useInfiniteScroll' or its corresponding type declarations.
frontend/components/FavoriteItems.tsx(7,27): error TS2307: Cannot find module '~backend/item/create' or its corresponding type declarations.
frontend/components/FavoriteItems.tsx(11,24): error TS2307: Cannot find module '@/components/ui/button' or its corresponding type declarations.
frontend/components/FavoriteItems.tsx(21,8): error TS2307: Cannot find module '@/components/ui/alert-dialog' or its corresponding type declarations.
frontend/components/FavoriteItems.tsx(27,8): error TS2307: Cannot find module '@/components/ui/accordion' or its corresponding type declarations.
frontend/components/FavoriteItems.tsx(328,57): error TS7006: Parameter 'open' implicitly has an 'any' type.
frontend/components/FiltersDialog.tsx(8,8): error TS2307: Cannot find module '@/components/ui/dialog' or its corresponding type declarations.
frontend/components/FiltersDialog.tsx(9,24): error TS2307: Cannot find module '@/components/ui/button' or its corresponding type declarations.
frontend/components/FiltersDialog.tsx(10,23): error TS2307: Cannot find module '@/components/ui/label' or its corresponding type declarations.
frontend/components/FiltersDialog.tsx(11,23): error TS2307: Cannot find module '@/components/ui/input' or its corresponding type declarations.
frontend/components/FiltersDialog.tsx(12,26): error TS2307: Cannot find module '@/components/ui/checkbox' or its corresponding type declarations.
frontend/components/FiltersDialog.tsx(13,79): error TS2307: Cannot find module '@/components/ui/select' or its corresponding type declarations.
frontend/components/FiltersDialog.tsx(78,30): error TS7006: Parameter 'e' implicitly has an 'any' type.
frontend/components/FiltersDialog.tsx(94,30): error TS7006: Parameter 'e' implicitly has an 'any' type.
frontend/components/FiltersDialog.tsx(109,31): error TS7006: Parameter 'value' implicitly has an 'any' type.
frontend/components/FiltersDialog.tsx(134,31): error TS7006: Parameter 'value' implicitly has an 'any' type.
frontend/components/FiltersDialog.tsx(164,30): error TS7006: Parameter 'e' implicitly has an 'any' type.
frontend/components/FiltersDialog.tsx(178,30): error TS7006: Parameter 'e' implicitly has an 'any' type.
frontend/components/FiltersDialog.tsx(195,35): error TS7006: Parameter 'checked' implicitly has an 'any' type.
frontend/components/FiltersDialog.tsx(210,35): error TS7006: Parameter 'checked' implicitly has an 'any' type.
frontend/components/Header.tsx(1,24): error TS2307: Cannot find module '@/components/ui/button' or its corresponding type declarations.
frontend/components/Header.tsx(8,8): error TS2307: Cannot find module '@/components/ui/sheet' or its corresponding type declarations.
frontend/components/Header.tsx(9,23): error TS2307: Cannot find module '@/lib/theme' or its corresponding type declarations.
frontend/components/ImageZoomDialog.tsx(1,24): error TS2307: Cannot find module '@/components/ui/button' or its corresponding type declarations.
frontend/components/ImageZoomDialog.tsx(2,39): error TS2307: Cannot find module '@/components/ui/dialog' or its corresponding type declarations.
frontend/components/ItemCard.tsx(1,24): error TS2307: Cannot find module '@/components/ui/button' or its corresponding type declarations.
frontend/components/ItemCard.tsx(2,26): error TS2307: Cannot find module '@/components/ui/checkbox' or its corresponding type declarations.
frontend/components/ItemCard.tsx(3,23): error TS2307: Cannot find module '@/lib/theme' or its corresponding type declarations.
frontend/components/ItemCard.tsx(6,27): error TS2307: Cannot find module '~backend/item/create' or its corresponding type declarations.
frontend/components/ItemCard.tsx(193,29): error TS7006: Parameter 'tag' implicitly has an 'any' type.
frontend/components/ItemCardSkeleton.tsx(1,26): error TS2307: Cannot find module '@/components/ui/skeleton' or its corresponding type declarations.
frontend/components/ItemChecklistDialog.tsx(2,66): error TS2307: Cannot find module '@/components/ui/dialog' or its corresponding type declarations.
frontend/components/ItemChecklistDialog.tsx(3,24): error TS2307: Cannot find module '@/components/ui/button' or its corresponding type declarations.
frontend/components/ItemChecklistDialog.tsx(4,26): error TS2307: Cannot find module '@/components/ui/checkbox' or its corresponding type declarations.
frontend/components/ItemChecklistDialog.tsx(5,23): error TS2307: Cannot find module '@/components/ui/label' or its corresponding type declarations.
frontend/components/ItemChecklistDialog.tsx(6,23): error TS2307: Cannot find module '@/components/ui/input' or its corresponding type declarations.
frontend/components/ItemChecklistDialog.tsx(7,26): error TS2307: Cannot find module '@/components/ui/textarea' or its corresponding type declarations.
frontend/components/ItemChecklistDialog.tsx(14,8): error TS2307: Cannot find module '@/components/ui/select' or its corresponding type declarations.
frontend/components/ItemChecklistDialog.tsx(15,26): error TS2307: Cannot find module '@/components/ui/use-toast' or its corresponding type declarations.
frontend/components/ItemChecklistDialog.tsx(16,28): error TS2307: Cannot find module '@/lib/backend' or its corresponding type declarations.
frontend/components/ItemChecklistDialog.tsx(18,31): error TS2307: Cannot find module '~backend/location/create' or its corresponding type declarations.
frontend/components/ItemDetailDialog.tsx(1,78): error TS2307: Cannot find module '@/components/ui/accordion' or its corresponding type declarations.
frontend/components/ItemDetailDialog.tsx(2,24): error TS2307: Cannot find module '@/components/ui/button' or its corresponding type declarations.
frontend/components/ItemDetailDialog.tsx(9,8): error TS2307: Cannot find module '@/components/ui/dialog' or its corresponding type declarations.
frontend/components/ItemDetailDialog.tsx(10,23): error TS2307: Cannot find module '@/components/ui/input' or its corresponding type declarations.
frontend/components/ItemDetailDialog.tsx(11,23): error TS2307: Cannot find module '@/components/ui/label' or its corresponding type declarations.
frontend/components/ItemDetailDialog.tsx(18,8): error TS2307: Cannot find module '@/components/ui/select' or its corresponding type declarations.
frontend/components/ItemDetailDialog.tsx(19,26): error TS2307: Cannot find module '@/components/ui/textarea' or its corresponding type declarations.
frontend/components/ItemDetailDialog.tsx(20,26): error TS2307: Cannot find module '@/components/ui/use-toast' or its corresponding type declarations.
frontend/components/ItemDetailDialog.tsx(21,28): error TS2307: Cannot find module '@/lib/backend' or its corresponding type declarations.
frontend/components/ItemDetailDialog.tsx(24,34): error TS2307: Cannot find module '~backend/item/add_receipt' or its corresponding type declarations.
frontend/components/ItemDetailDialog.tsx(25,27): error TS2307: Cannot find module '~backend/item/create' or its corresponding type declarations.
frontend/components/ItemDetailDialog.tsx(316,33): error TS7006: Parameter 'tag' implicitly has an 'any' type.
frontend/components/ItemDetailDialog.tsx(381,38): error TS7006: Parameter 'e' implicitly has an 'any' type.
frontend/components/ItemDetailDialog.tsx(393,38): error TS7006: Parameter 'e' implicitly has an 'any' type.
frontend/components/ItemDetailDialog.tsx(403,38): error TS7006: Parameter 'e' implicitly has an 'any' type.
frontend/components/ItemDetailDialog.tsx(413,38): error TS7006: Parameter 'e' implicitly has an 'any' type.
frontend/components/ItemList.tsx(2,27): error TS2307: Cannot find module '~backend/item/create' or its corresponding type declarations.
frontend/components/ItemList.tsx(4,26): error TS2307: Cannot find module '@/components/ui/checkbox' or its corresponding type declarations.
frontend/components/ItemList.tsx(46,33): error TS7006: Parameter 'checked' implicitly has an 'any' type.
frontend/components/LazyImage.tsx(2,26): error TS2307: Cannot find module '@/components/ui/skeleton' or its corresponding type declarations.
frontend/components/LocationAccordion.tsx(6,8): error TS2307: Cannot find module '@/components/ui/accordion' or its corresponding type declarations.
frontend/components/LocationAccordion.tsx(16,8): error TS2307: Cannot find module '@/components/ui/alert-dialog' or its corresponding type declarations.
frontend/components/LocationAccordion.tsx(17,24): error TS2307: Cannot find module '@/components/ui/button' or its corresponding type declarations.
frontend/components/LocationAccordion.tsx(25,8): error TS2307: Cannot find module '@/components/ui/dialog' or its corresponding type declarations.
frontend/components/LocationAccordion.tsx(26,23): error TS2307: Cannot find module '@/components/ui/input' or its corresponding type declarations.
frontend/components/LocationAccordion.tsx(27,23): error TS2307: Cannot find module '@/components/ui/label' or its corresponding type declarations.
frontend/components/LocationAccordion.tsx(28,26): error TS2307: Cannot find module '@/components/ui/use-toast' or its corresponding type declarations.
frontend/components/LocationAccordion.tsx(29,28): error TS2307: Cannot find module '@/lib/backend' or its corresponding type declarations.
frontend/components/LocationAccordion.tsx(32,27): error TS2307: Cannot find module '~backend/item/create' or its corresponding type declarations.
frontend/components/LocationAccordion.tsx(33,31): error TS2307: Cannot find module '~backend/location/create' or its corresponding type declarations.
frontend/components/LocationAccordion.tsx(195,26): error TS7006: Parameter 'e' implicitly has an 'any' type.
frontend/components/LocationAccordion.tsx(196,27): error TS7006: Parameter 'e' implicitly has an 'any' type.
frontend/components/LocationCard.tsx(10,8): error TS2307: Cannot find module '@/components/ui/alert-dialog' or its corresponding type declarations.
frontend/components/LocationCard.tsx(11,24): error TS2307: Cannot find module '@/components/ui/button' or its corresponding type declarations.
frontend/components/LocationCard.tsx(12,22): error TS2307: Cannot find module '@/components/ui/card' or its corresponding type declarations.
frontend/components/LocationCard.tsx(20,8): error TS2307: Cannot find module '@/components/ui/dialog' or its corresponding type declarations.
frontend/components/LocationCard.tsx(21,23): error TS2307: Cannot find module '@/components/ui/input' or its corresponding type declarations.
frontend/components/LocationCard.tsx(22,23): error TS2307: Cannot find module '@/components/ui/label' or its corresponding type declarations.
frontend/components/LocationCard.tsx(23,26): error TS2307: Cannot find module '@/components/ui/use-toast' or its corresponding type declarations.
frontend/components/LocationCard.tsx(24,28): error TS2307: Cannot find module '@/lib/backend' or its corresponding type declarations.
frontend/components/LocationCard.tsx(25,23): error TS2307: Cannot find module '@/lib/theme' or its corresponding type declarations.
frontend/components/LocationCard.tsx(58,33): error TS7006: Parameter 'sum' implicitly has an 'any' type.
frontend/components/LocationCard.tsx(58,38): error TS7006: Parameter 'c' implicitly has an 'any' type.
frontend/components/LocationCard.tsx(100,24): error TS7006: Parameter 'e' implicitly has an 'any' type.
frontend/components/LocationCard.tsx(104,24): error TS7006: Parameter 'e' implicitly has an 'any' type.
frontend/components/LocationCard.tsx(135,29): error TS7006: Parameter 'e' implicitly has an 'any' type.
frontend/components/LocationCard.tsx(147,29): error TS7006: Parameter 'e' implicitly has an 'any' type.
frontend/components/LocationCard.tsx(198,25): error TS7006: Parameter 'e' implicitly has an 'any' type.
frontend/components/LocationCard.tsx(225,26): error TS7006: Parameter 'e' implicitly has an 'any' type.
frontend/components/LocationCard.tsx(226,27): error TS7006: Parameter 'e' implicitly has an 'any' type.
frontend/components/LocationsList.test.tsx(2,18): error TS2305: Module '"@testing-library/react"' has no exported member 'screen'.
frontend/components/LocationsList.test.tsx(2,26): error TS2305: Module '"@testing-library/react"' has no exported member 'fireEvent'.
frontend/components/LocationsList.test.tsx(2,37): error TS2305: Module '"@testing-library/react"' has no exported member 'waitFor'.
frontend/components/LocationsList.test.tsx(4,31): error TS2307: Cannot find module '~backend/location/create' or its corresponding type declarations.
frontend/components/LocationsList.test.tsx(28,21): error TS2307: Cannot find module '~backend/client' or its corresponding type declarations.
frontend/components/LocationsList.tsx(1,24): error TS2307: Cannot find module '@/components/ui/button' or its corresponding type declarations.
frontend/components/LocationsList.tsx(2,23): error TS2307: Cannot find module '@/components/ui/input' or its corresponding type declarations.
frontend/components/LocationsList.tsx(3,26): error TS2307: Cannot find module '@/components/ui/skeleton' or its corresponding type declarations.
frontend/components/LocationsList.tsx(4,26): error TS2307: Cannot find module '@/components/ui/use-toast' or its corresponding type declarations.
frontend/components/LocationsList.tsx(5,28): error TS2307: Cannot find module '@/lib/backend' or its corresponding type declarations.
frontend/components/LocationsList.tsx(6,35): error TS2307: Cannot find module '@/lib/useInfiniteScroll' or its corresponding type declarations.
frontend/components/LocationsList.tsx(9,32): error TS2307: Cannot find module '~backend/container/api' or its corresponding type declarations.
frontend/components/LocationsList.tsx(10,27): error TS2307: Cannot find module '~backend/item/create' or its corresponding type declarations.
frontend/components/LocationsList.tsx(11,31): error TS2307: Cannot find module '~backend/location/create' or its corresponding type declarations.
frontend/components/LocationsList.tsx(217,54): error TS7006: Parameter 'c' implicitly has an 'any' type.
frontend/components/LocationStatsBar.tsx(1,23): error TS2307: Cannot find module '@/lib/theme' or its corresponding type declarations.
frontend/components/LocationStatsBar.tsx(20,10): error TS7006: Parameter 'sum' implicitly has an 'any' type.
frontend/components/LocationStatsBar.tsx(20,15): error TS7006: Parameter 'container' implicitly has an 'any' type.
frontend/components/LowStockItems.tsx(4,26): error TS2307: Cannot find module '@/components/ui/use-toast' or its corresponding type declarations.
frontend/components/LowStockItems.tsx(5,28): error TS2307: Cannot find module '@/lib/backend' or its corresponding type declarations.
frontend/components/LowStockItems.tsx(6,35): error TS2307: Cannot find module '@/lib/useInfiniteScroll' or its corresponding type declarations.
frontend/components/LowStockItems.tsx(7,35): error TS2307: Cannot find module '~backend/item/low_stock' or its corresponding type declarations.
frontend/components/LowStockItems.tsx(11,24): error TS2307: Cannot find module '@/components/ui/button' or its corresponding type declarations.
frontend/components/LowStockItems.tsx(21,8): error TS2307: Cannot find module '@/components/ui/alert-dialog' or its corresponding type declarations.
frontend/components/LowStockItems.tsx(27,8): error TS2307: Cannot find module '@/components/ui/accordion' or its corresponding type declarations.
frontend/components/LowStockItems.tsx(337,57): error TS7006: Parameter 'open' implicitly has an 'any' type.
frontend/components/ManageContainersDialog.tsx(3,24): error TS2307: Cannot find module '@/components/ui/button' or its corresponding type declarations.
frontend/components/ManageContainersDialog.tsx(9,8): error TS2307: Cannot find module '@/components/ui/dialog' or its corresponding type declarations.
frontend/components/ManageContainersDialog.tsx(10,23): error TS2307: Cannot find module '@/components/ui/input' or its corresponding type declarations.
frontend/components/ManageContainersDialog.tsx(11,23): error TS2307: Cannot find module '@/components/ui/label' or its corresponding type declarations.
frontend/components/ManageContainersDialog.tsx(18,8): error TS2307: Cannot find module '@/components/ui/select' or its corresponding type declarations.
frontend/components/ManageContainersDialog.tsx(28,8): error TS2307: Cannot find module '@/components/ui/alert-dialog' or its corresponding type declarations.
frontend/components/ManageContainersDialog.tsx(29,26): error TS2307: Cannot find module '@/components/ui/use-toast' or its corresponding type declarations.
frontend/components/ManageContainersDialog.tsx(30,28): error TS2307: Cannot find module '@/lib/backend' or its corresponding type declarations.
frontend/components/ManageContainersDialog.tsx(31,31): error TS2307: Cannot find module '~backend/location/create' or its corresponding type declarations.
frontend/components/ManageContainersDialog.tsx(32,37): error TS2307: Cannot find module '@/lib/imageCompression' or its corresponding type declarations.
frontend/components/ManageContainersDialog.tsx(33,27): error TS2307: Cannot find module '@/components/LazyImage' or its corresponding type declarations.
frontend/components/ManageContainersDialog.tsx(306,32): error TS7006: Parameter 'e' implicitly has an 'any' type.
frontend/components/ManageContainersDialog.tsx(312,33): error TS7006: Parameter 'e' implicitly has an 'any' type.
frontend/components/ManageContainersDialog.tsx(332,37): error TS7006: Parameter 'value' implicitly has an 'any' type.
frontend/components/ManageContainersDialog.tsx(477,28): error TS7006: Parameter 'e' implicitly has an 'any' type.
frontend/components/MoveItemsDialog.tsx(9,8): error TS2307: Cannot find module '@/components/ui/dialog' or its corresponding type declarations.
frontend/components/MoveItemsDialog.tsx(16,8): error TS2307: Cannot find module '@/components/ui/select' or its corresponding type declarations.
frontend/components/MoveItemsDialog.tsx(17,24): error TS2307: Cannot find module '@/components/ui/button' or its corresponding type declarations.
frontend/components/MoveItemsDialog.tsx(18,26): error TS2307: Cannot find module '@/components/ui/use-toast' or its corresponding type declarations.
frontend/components/MoveItemsDialog.tsx(19,28): error TS2307: Cannot find module '@/lib/backend' or its corresponding type declarations.
frontend/components/MyHousehold.tsx(10,8): error TS2307: Cannot find module '@/components/ui/alert-dialog' or its corresponding type declarations.
frontend/components/MyHousehold.tsx(11,24): error TS2307: Cannot find module '@/components/ui/button' or its corresponding type declarations.
frontend/components/MyHousehold.tsx(12,75): error TS2307: Cannot find module '@/components/ui/card' or its corresponding type declarations.
frontend/components/MyHousehold.tsx(20,8): error TS2307: Cannot find module '@/components/ui/dialog' or its corresponding type declarations.
frontend/components/MyHousehold.tsx(21,23): error TS2307: Cannot find module '@/components/ui/input' or its corresponding type declarations.
frontend/components/MyHousehold.tsx(22,23): error TS2307: Cannot find module '@/components/ui/label' or its corresponding type declarations.
frontend/components/MyHousehold.tsx(23,26): error TS2307: Cannot find module '@/components/ui/use-toast' or its corresponding type declarations.
frontend/components/MyHousehold.tsx(24,28): error TS2307: Cannot find module '@/lib/backend' or its corresponding type declarations.
frontend/components/MyHousehold.tsx(27,43): error TS2307: Cannot find module '~backend/household/get' or its corresponding type declarations.
frontend/components/MyHousehold.tsx(28,42): error TS2307: Cannot find module '~backend/household/get_invitations' or its corresponding type declarations.
frontend/components/MyHousehold.tsx(29,38): error TS2307: Cannot find module '~backend/household/get_members' or its corresponding type declarations.
frontend/components/MyHousehold.tsx(68,50): error TS7006: Parameter 'inv' implicitly has an 'any' type.
frontend/components/MyHousehold.tsx(598,64): error TS7006: Parameter 'open' implicitly has an 'any' type.
frontend/components/MyHousehold.tsx(648,64): error TS7006: Parameter 'open' implicitly has an 'any' type.
frontend/components/NeedsConfirmation.tsx(4,26): error TS2307: Cannot find module '@/components/ui/use-toast' or its corresponding type declarations.
frontend/components/NeedsConfirmation.tsx(5,28): error TS2307: Cannot find module '@/lib/backend' or its corresponding type declarations.
frontend/components/NeedsConfirmation.tsx(6,35): error TS2307: Cannot find module '@/lib/useInfiniteScroll' or its corresponding type declarations.
frontend/components/NeedsConfirmation.tsx(7,27): error TS2307: Cannot find module '~backend/item/create' or its corresponding type declarations.
frontend/components/NeedsConfirmation.tsx(11,24): error TS2307: Cannot find module '@/components/ui/button' or its corresponding type declarations.
frontend/components/NeedsConfirmation.tsx(21,8): error TS2307: Cannot find module '@/components/ui/alert-dialog' or its corresponding type declarations.
frontend/components/NeedsConfirmation.tsx(27,8): error TS2307: Cannot find module '@/components/ui/accordion' or its corresponding type declarations.
frontend/components/NeedsConfirmation.tsx(326,57): error TS7006: Parameter 'open' implicitly has an 'any' type.
frontend/components/PlacedItemFilter.tsx(7,8): error TS2307: Cannot find module '@/components/ui/select' or its corresponding type declarations.
frontend/components/QuickAccessCards.tsx(1,22): error TS2307: Cannot find module '@/components/ui/card' or its corresponding type declarations.
frontend/components/QuickAccessCards.tsx(2,26): error TS2307: Cannot find module '@/components/ui/skeleton' or its corresponding type declarations.
frontend/components/QuickAccessCards.tsx(3,28): error TS2307: Cannot find module '@/lib/backend' or its corresponding type declarations.
frontend/components/QuickAccessSections.test.tsx(2,18): error TS2305: Module '"@testing-library/react"' has no exported member 'screen'.
frontend/components/QuickAccessSections.test.tsx(2,26): error TS2305: Module '"@testing-library/react"' has no exported member 'waitFor'.
frontend/components/QuickAccessSections.test.tsx(51,21): error TS2307: Cannot find module '~backend/client' or its corresponding type declarations.
frontend/components/QuickAccessSections.tsx(7,8): error TS2307: Cannot find module '@/components/ui/accordion' or its corresponding type declarations.
frontend/components/ReceiptUploader.tsx(1,24): error TS2307: Cannot find module '@/components/ui/button' or its corresponding type declarations.
frontend/components/ReceiptUploader.tsx(2,23): error TS2307: Cannot find module '@/components/ui/input' or its corresponding type declarations.
frontend/components/ReceiptUploader.tsx(3,23): error TS2307: Cannot find module '@/components/ui/label' or its corresponding type declarations.
frontend/components/ReceiptUploader.tsx(4,79): error TS2307: Cannot find module '@/components/ui/select' or its corresponding type declarations.
frontend/components/ReceiptUploader.tsx(5,26): error TS2307: Cannot find module '@/components/ui/textarea' or its corresponding type declarations.
frontend/components/ReceiptUploader.tsx(6,26): error TS2307: Cannot find module '@/components/ui/use-toast' or its corresponding type declarations.
frontend/components/ReceiptUploader.tsx(7,28): error TS2307: Cannot find module '@/lib/backend' or its corresponding type declarations.
frontend/components/ReceiptUploader.tsx(136,22): error TS7006: Parameter 'e' implicitly has an 'any' type.
frontend/components/ReceiptViewer.tsx(10,8): error TS2307: Cannot find module '@/components/ui/alert-dialog' or its corresponding type declarations.
frontend/components/ReceiptViewer.tsx(11,24): error TS2307: Cannot find module '@/components/ui/button' or its corresponding type declarations.
frontend/components/ReceiptViewer.tsx(12,66): error TS2307: Cannot find module '@/components/ui/dialog' or its corresponding type declarations.
frontend/components/ReceiptViewer.tsx(13,26): error TS2307: Cannot find module '@/components/ui/use-toast' or its corresponding type declarations.
frontend/components/ReceiptViewer.tsx(14,28): error TS2307: Cannot find module '@/lib/backend' or its corresponding type declarations.
frontend/components/ReceiptViewer.tsx(17,34): error TS2307: Cannot find module '~backend/item/add_receipt' or its corresponding type declarations.
frontend/components/RecentItems.tsx(4,26): error TS2307: Cannot find module '@/components/ui/use-toast' or its corresponding type declarations.
frontend/components/RecentItems.tsx(5,28): error TS2307: Cannot find module '@/lib/backend' or its corresponding type declarations.
frontend/components/RecentItems.tsx(6,35): error TS2307: Cannot find module '@/lib/useInfiniteScroll' or its corresponding type declarations.
frontend/components/RecentItems.tsx(7,27): error TS2307: Cannot find module '~backend/item/create' or its corresponding type declarations.
frontend/components/RecentItems.tsx(11,24): error TS2307: Cannot find module '@/components/ui/button' or its corresponding type declarations.
frontend/components/RecentItems.tsx(21,8): error TS2307: Cannot find module '@/components/ui/alert-dialog' or its corresponding type declarations.
frontend/components/RecentItems.tsx(27,8): error TS2307: Cannot find module '@/components/ui/accordion' or its corresponding type declarations.
frontend/components/RecentItems.tsx(326,57): error TS7006: Parameter 'open' implicitly has an 'any' type.
frontend/components/ScanBarcodeButton.tsx(2,24): error TS2307: Cannot find module '@/components/ui/button' or its corresponding type declarations.
frontend/components/ScanBarcodeButton.tsx(6,26): error TS2307: Cannot find module '@/components/ui/use-toast' or its corresponding type declarations.
frontend/components/ScanBarcodeButton.tsx(7,23): error TS2307: Cannot find module '@/lib/theme' or its corresponding type declarations.
frontend/components/ScanBarcodeButton.tsx(39,24): error TS7006: Parameter 'e' implicitly has an 'any' type.
frontend/components/ScanBarcodeButton.tsx(40,24): error TS7006: Parameter 'e' implicitly has an 'any' type.
frontend/components/ScanBarcodeDialog.tsx(8,8): error TS2307: Cannot find module '@/components/ui/dialog' or its corresponding type declarations.
frontend/components/ScanBarcodeDialog.tsx(9,24): error TS2307: Cannot find module '@/components/ui/button' or its corresponding type declarations.
frontend/components/ScanBarcodeDialog.tsx(10,41): error TS2307: Cannot find module '@/components/ui/alert' or its corresponding type declarations.
frontend/components/ScanBarcodeDialog.tsx(12,28): error TS2307: Cannot find module '@/lib/backend' or its corresponding type declarations.
frontend/components/ScanButton.tsx(1,24): error TS2307: Cannot find module '@/components/ui/button' or its corresponding type declarations.
frontend/components/ScanButton.tsx(8,8): error TS2307: Cannot find module '@/components/ui/sheet' or its corresponding type declarations.
frontend/components/ScanShelfButton.tsx(2,24): error TS2307: Cannot find module '@/components/ui/button' or its corresponding type declarations.
frontend/components/ScanShelfButton.tsx(5,23): error TS2307: Cannot find module '@/lib/theme' or its corresponding type declarations.
frontend/components/ScanShelfButton.tsx(20,24): error TS7006: Parameter 'e' implicitly has an 'any' type.
frontend/components/ScanShelfButton.tsx(21,24): error TS7006: Parameter 'e' implicitly has an 'any' type.
frontend/components/ScanShelfDialog.tsx(1,33): error TS2307: Cannot find module '@/components/ContainerSelect' or its corresponding type declarations.
frontend/components/ScanShelfDialog.tsx(2,41): error TS2307: Cannot find module '@/components/ui/alert' or its corresponding type declarations.
frontend/components/ScanShelfDialog.tsx(3,24): error TS2307: Cannot find module '@/components/ui/button' or its corresponding type declarations.
frontend/components/ScanShelfDialog.tsx(4,66): error TS2307: Cannot find module '@/components/ui/dialog' or its corresponding type declarations.
frontend/components/ScanShelfDialog.tsx(5,23): error TS2307: Cannot find module '@/components/ui/label' or its corresponding type declarations.
frontend/components/ScanShelfDialog.tsx(12,8): error TS2307: Cannot find module '@/components/ui/select' or its corresponding type declarations.
frontend/components/ScanShelfDialog.tsx(13,26): error TS2307: Cannot find module '@/components/ui/use-toast' or its corresponding type declarations.
frontend/components/ScanShelfDialog.tsx(14,28): error TS2307: Cannot find module '@/lib/backend' or its corresponding type declarations.
frontend/components/ScanShelfDialog.tsx(18,31): error TS2307: Cannot find module '~backend/location/create' or its corresponding type declarations.
frontend/components/SearchBar.tsx(3,26): error TS2307: Cannot find module '@/components/ui/checkbox' or its corresponding type declarations.
frontend/components/SearchBar.tsx(14,8): error TS2307: Cannot find module '@/components/ui/alert-dialog' or its corresponding type declarations.
frontend/components/SearchBar.tsx(15,23): error TS2307: Cannot find module '@/components/ui/input' or its corresponding type declarations.
frontend/components/SearchBar.tsx(16,24): error TS2307: Cannot find module '@/components/ui/button' or its corresponding type declarations.
frontend/components/SearchBar.tsx(17,26): error TS2307: Cannot find module '@/components/ui/use-toast' or its corresponding type declarations.
frontend/components/SearchBar.tsx(18,28): error TS2307: Cannot find module '@/lib/backend' or its corresponding type declarations.
frontend/components/SearchBar.tsx(19,27): error TS2307: Cannot find module '~backend/item/create' or its corresponding type declarations.
frontend/components/SearchBar.tsx(20,23): error TS2307: Cannot find module '@/lib/theme' or its corresponding type declarations.
frontend/components/SearchBar.tsx(168,26): error TS7006: Parameter 'e' implicitly has an 'any' type.
frontend/components/SearchBar.tsx(169,26): error TS7006: Parameter 'e' implicitly has an 'any' type.
frontend/components/SearchBar.tsx(189,39): error TS7006: Parameter 'checked' implicitly has an 'any' type.
frontend/components/SearchBar.tsx(272,57): error TS7006: Parameter 'open' implicitly has an 'any' type.
frontend/components/Settings.tsx(10,8): error TS2307: Cannot find module '@/components/ui/alert-dialog' or its corresponding type declarations.
frontend/components/Settings.tsx(11,24): error TS2307: Cannot find module '@/components/ui/button' or its corresponding type declarations.
frontend/components/Settings.tsx(12,75): error TS2307: Cannot find module '@/components/ui/card' or its corresponding type declarations.
frontend/components/Settings.tsx(13,23): error TS2307: Cannot find module '@/components/ui/label' or its corresponding type declarations.
frontend/components/Settings.tsx(14,27): error TS2307: Cannot find module '@/components/ui/separator' or its corresponding type declarations.
frontend/components/Settings.tsx(15,24): error TS2307: Cannot find module '@/components/ui/switch' or its corresponding type declarations.
frontend/components/Settings.tsx(16,26): error TS2307: Cannot find module '@/components/ui/use-toast' or its corresponding type declarations.
frontend/components/Settings.tsx(17,28): error TS2307: Cannot find module '@/lib/backend' or its corresponding type declarations.
frontend/components/Settings.tsx(18,23): error TS2307: Cannot find module '@/lib/theme' or its corresponding type declarations.
frontend/components/Settings.tsx(181,33): error TS7006: Parameter 'checked' implicitly has an 'any' type.
frontend/components/Settings.tsx(202,33): error TS7006: Parameter 'checked' implicitly has an 'any' type.
frontend/components/Settings.tsx(219,33): error TS7006: Parameter 'checked' implicitly has an 'any' type.
frontend/components/Settings.tsx(248,33): error TS7006: Parameter 'checked' implicitly has an 'any' type.
frontend/components/Settings.tsx(267,33): error TS7006: Parameter 'checked' implicitly has an 'any' type.
frontend/components/Settings.tsx(284,33): error TS7006: Parameter 'checked' implicitly has an 'any' type.
frontend/components/Settings.tsx(301,33): error TS7006: Parameter 'checked' implicitly has an 'any' type.
frontend/components/Settings.tsx(393,33): error TS7006: Parameter 'checked' implicitly has an 'any' type.
frontend/components/ShoppingList.tsx(2,39): error TS2307: Cannot find module '~backend/shopping/list' or its corresponding type declarations.
frontend/components/ShoppingList.tsx(3,24): error TS2307: Cannot find module '@/components/ui/button' or its corresponding type declarations.
frontend/components/ShoppingList.tsx(4,23): error TS2307: Cannot find module '@/components/ui/input' or its corresponding type declarations.
frontend/components/ShoppingList.tsx(5,26): error TS2307: Cannot find module '@/components/ui/use-toast' or its corresponding type declarations.
frontend/components/ShoppingList.tsx(7,26): error TS2307: Cannot find module '@/components/ui/checkbox' or its corresponding type declarations.
frontend/components/ShoppingList.tsx(10,28): error TS2307: Cannot find module '@/lib/backend' or its corresponding type declarations.
frontend/components/StickySearchFilterBar.tsx(3,23): error TS2307: Cannot find module '@/components/ui/input' or its corresponding type declarations.
frontend/components/StickySearchFilterBar.tsx(4,24): error TS2307: Cannot find module '@/components/ui/button' or its corresponding type declarations.
frontend/components/ui/accordion.tsx(5,20): error TS2307: Cannot find module '@/lib/utils' or its corresponding type declarations.
frontend/components/ui/alert-dialog.tsx(4,20): error TS2307: Cannot find module '@/lib/utils' or its corresponding type declarations.
frontend/components/ui/alert-dialog.tsx(5,32): error TS2307: Cannot find module '@/components/ui/button' or its corresponding type declarations.
frontend/components/ui/alert.tsx(4,20): error TS2307: Cannot find module '@/lib/utils' or its corresponding type declarations.
frontend/components/ui/button.tsx(5,20): error TS2307: Cannot find module '@/lib/utils' or its corresponding type declarations.
frontend/components/ui/card.tsx(3,20): error TS2307: Cannot find module '@/lib/utils' or its corresponding type declarations.
frontend/components/ui/checkbox.tsx(5,20): error TS2307: Cannot find module '@/lib/utils' or its corresponding type declarations.
frontend/components/ui/dialog.tsx(5,20): error TS2307: Cannot find module '@/lib/utils' or its corresponding type declarations.
frontend/components/ui/input.tsx(3,20): error TS2307: Cannot find module '@/lib/utils' or its corresponding type declarations.
frontend/components/ui/label.tsx(4,20): error TS2307: Cannot find module '@/lib/utils' or its corresponding type declarations.
frontend/components/ui/select.tsx(5,20): error TS2307: Cannot find module '@/lib/utils' or its corresponding type declarations.
frontend/components/ui/separator.tsx(4,20): error TS2307: Cannot find module '@/lib/utils' or its corresponding type declarations.
frontend/components/ui/sheet.tsx(5,20): error TS2307: Cannot find module '@/lib/utils' or its corresponding type declarations.
frontend/components/ui/skeleton.tsx(1,20): error TS2307: Cannot find module '@/lib/utils' or its corresponding type declarations.
frontend/components/ui/switch.tsx(4,20): error TS2307: Cannot find module '@/lib/utils' or its corresponding type declarations.
frontend/components/ui/textarea.tsx(3,20): error TS2307: Cannot find module '@/lib/utils' or its corresponding type declarations.
frontend/components/ui/toast.tsx(6,20): error TS2307: Cannot find module '@/lib/utils' or its corresponding type declarations.
frontend/components/ui/toaster.tsx(1,26): error TS2307: Cannot find module '@/components/ui/use-toast' or its corresponding type declarations.
frontend/components/ui/toaster.tsx(9,8): error TS2307: Cannot find module '@/components/ui/toast' or its corresponding type declarations.
frontend/components/ui/toaster.tsx(16,31): error TS7031: Binding element 'id' implicitly has an 'any' type.
frontend/components/ui/toaster.tsx(16,35): error TS7031: Binding element 'title' implicitly has an 'any' type.
frontend/components/ui/toaster.tsx(16,42): error TS7031: Binding element 'description' implicitly has an 'any' type.
frontend/components/ui/toaster.tsx(16,55): error TS7031: Binding element 'action' implicitly has an 'any' type.
frontend/components/ui/use-toast.ts(7,8): error TS2307: Cannot find module '@/components/ui/toast' or its corresponding type declarations.
frontend/components/ui/use-toast.ts(159,22): error TS7006: Parameter 'open' implicitly has an 'any' type.
frontend/components/UnplacedItems.tsx(1,24): error TS2307: Cannot find module '@/components/ui/button' or its corresponding type declarations.
frontend/components/UnplacedItems.tsx(2,26): error TS2307: Cannot find module '@/components/ui/checkbox' or its corresponding type declarations.
frontend/components/UnplacedItems.tsx(3,26): error TS2307: Cannot find module '@/components/ui/skeleton' or its corresponding type declarations.
frontend/components/UnplacedItems.tsx(4,26): error TS2307: Cannot find module '@/components/ui/use-toast' or its corresponding type declarations.
frontend/components/UnplacedItems.tsx(5,28): error TS2307: Cannot find module '@/lib/backend' or its corresponding type declarations.
frontend/components/UnplacedItems.tsx(6,35): error TS2307: Cannot find module '@/lib/useInfiniteScroll' or its corresponding type declarations.
frontend/components/UnplacedItems.tsx(9,27): error TS2307: Cannot find module '~backend/item/create' or its corresponding type declarations.
frontend/components/UnplacedItems.tsx(160,35): error TS7006: Parameter 'checked' implicitly has an 'any' type.
frontend/components/UnplacedItems.tsx(171,27): error TS7006: Parameter 'e' implicitly has an 'any' type.
frontend/components/WarrantyWidget.tsx(1,22): error TS2307: Cannot find module '@/components/ui/card' or its corresponding type declarations.
frontend/components/WarrantyWidget.tsx(2,28): error TS2307: Cannot find module '@/lib/backend' or its corresponding type declarations.
frontend/components/WarrantyWidget.tsx(3,23): error TS2307: Cannot find module '@/lib/theme' or its corresponding type declarations.
frontend/components/WarrantyWidget.tsx(6,27): error TS2307: Cannot find module '~backend/item/create' or its corresponding type declarations.
frontend/components/WarrantyWidget.tsx(48,16): error TS7006: Parameter 'a' implicitly has an 'any' type.
frontend/components/WarrantyWidget.tsx(48,19): error TS7006: Parameter 'b' implicitly has an 'any' type.
frontend/components/WarrantyWidget.tsx(105,29): error TS2339: Property 'id' does not exist on type 'WarrantyItem'.
frontend/components/WarrantyWidget.tsx(109,62): error TS2339: Property 'name' does not exist on type 'WarrantyItem'.
frontend/lib/backend.ts(3,31): error TS2307: Cannot find module '~backend/client' or its corresponding type declarations.
frontend/LocationDetailPage.tsx(1,26): error TS2307: Cannot find module '@/components/ItemCard' or its corresponding type declarations.
frontend/LocationDetailPage.tsx(2,34): error TS2307: Cannot find module '@/components/ItemDetailDialog' or its corresponding type declarations.
frontend/LocationDetailPage.tsx(3,33): error TS2307: Cannot find module '@/components/MoveItemsDialog' or its corresponding type declarations.
frontend/LocationDetailPage.tsx(13,8): error TS2307: Cannot find module '@/components/ui/alert-dialog' or its corresponding type declarations.
frontend/LocationDetailPage.tsx(14,24): error TS2307: Cannot find module '@/components/ui/button' or its corresponding type declarations.
frontend/LocationDetailPage.tsx(15,26): error TS2307: Cannot find module '@/components/ui/use-toast' or its corresponding type declarations.
frontend/LocationDetailPage.tsx(16,28): error TS2307: Cannot find module '@/lib/backend' or its corresponding type declarations.
frontend/LocationDetailPage.tsx(19,27): error TS2307: Cannot find module '~backend/item/create' or its corresponding type declarations.
frontend/LocationDetailPage.tsx(403,45): error TS7006: Parameter 'selected' implicitly has an 'any' type.
frontend/LocationDetailPage.tsx(456,57): error TS7006: Parameter 'open' implicitly has an 'any' type.
mock-server.ts(159,16): error TS2867: Cannot find name 'Bun'. Do you need to install type definitions for Bun? Try `npm i --save-dev @types/bun`.
node_modules/encore.dev/api/error.ts(90,55): error TS2339: Property 'cause' does not exist on type 'APIError'.
node_modules/encore.dev/api/error.ts(96,16): error TS2554: Expected 0-1 arguments, but got 2.
node_modules/encore.dev/internal/appinit/mod.ts(83,37): error TS2550: Property 'at' does not exist on type 'Middleware[]'. Do you need to change your target library? Try changing the 'lib' compiler option to 'es2022' or later.
node_modules/encore.dev/internal/appinit/mod.ts(95,36): error TS7006: Parameter 'req' implicitly has an 'any' type.
services/databaseService.ts(836,19): error TS2769: No overload matches this call.
  Overload 2 of 2, '(source: string, ...params: SQLiteVariadicBindParams): Promise<SQLiteRunResult>', gave the following error.
    Type 'string | number | undefined' is not assignable to type 'number'.
      Type 'undefined' is not assignable to type 'number'.
  Overload 2 of 2, '(source: string, ...params: SQLiteVariadicBindParams): Promise<SQLiteRunResult>', gave the following error.
    Type 'string | number | undefined' is not assignable to type 'number'.
      Type 'undefined' is not assignable to type 'number'.
  Overload 2 of 2, '(source: string, ...params: SQLiteVariadicBindParams): Promise<SQLiteRunResult>', gave the following error.
    Type 'string' is not assignable to type 'number'.
services/databaseService.ts(874,19): error TS2769: No overload matches this call.
  Overload 2 of 2, '(source: string, ...params: SQLiteVariadicBindParams): Promise<SQLiteRunResult>', gave the following error.
    Type 'string | number | undefined' is not assignable to type 'number'.
      Type 'undefined' is not assignable to type 'number'.
  Overload 2 of 2, '(source: string, ...params: SQLiteVariadicBindParams): Promise<SQLiteRunResult>', gave the following error.
    Type 'string | number | undefined' is not assignable to type 'number'.
      Type 'undefined' is not assignable to type 'number'.
  Overload 2 of 2, '(source: string, ...params: SQLiteVariadicBindParams): Promise<SQLiteRunResult>', gave the following error.
    Type 'string' is not assignable to type 'number'.
services/reportService.ts(40,28): error TS2339: Property 'EncodingType' does not exist on type 'typeof import("C:/Users/lshan/WhereIsItMobile/node_modules/expo-file-system/build/index")'.
